<?xml version="1.0" encoding="UTF-8"?>
<!-- Generated by org.testng.reporters.JUnitXMLReporter -->
<testsuite ignored="0" hostname="LAPTOP-QLVET0FS" failures="2" tests="2" name="Default test" time="26.79" errors="0" timestamp="2024-05-01T20:56:22 IST">
  <testcase classname="io.cucumber.testng.AbstractTestNGCucumberTests" name="runScenario" time="17.749">
    <failure type="java.lang.ArrayIndexOutOfBoundsException" message="Index -1 out of bounds for length 0">
      <![CDATA[java.lang.ArrayIndexOutOfBoundsException: Index -1 out of bounds for length 0
at parallel.DerivedProduct2Steps.attachFile(DerivedProduct2Steps.java:101)
at parallel.DerivedProduct2Steps.i_can_write_all_hyperlinks_in_file(DerivedProduct2Steps.java:75)
at ✽.I can write all hyperlinks in "hyperLinks.csv" file(file:///C:/Users/Avijit%20Das/eclipse-workspace/DemoTesting/VeevaProject/src/test/resources/parallel/DerivedProduct2.feature:14)
]]>
    </failure>
  </testcase> <!-- runScenario -->
  <testcase classname="io.cucumber.testng.AbstractTestNGCucumberTests" name="runScenario" time="17.922">
    <failure type="java.lang.ArrayIndexOutOfBoundsException" message="Index -1 out of bounds for length 0">
      <![CDATA[java.lang.ArrayIndexOutOfBoundsException: Index -1 out of bounds for length 0
at parallel.DerivedProduct2Steps.attachFile(DerivedProduct2Steps.java:101)
at parallel.DerivedProduct2Steps.i_can_write_all_hyperlinks_in_file(DerivedProduct2Steps.java:75)
at ✽.I can write all hyperlinks in "hyperLinks.csv" file(file:///C:/Users/Avijit%20Das/eclipse-workspace/DemoTesting/VeevaProject/src/test/resources/parallel/CoreProduct.feature:29)
]]>
    </failure>
  </testcase> <!-- runScenario -->
</testsuite> <!-- Default test -->
